[ Date 05/04/24 14:37:52] INFO: express server is running on 3000
    processTitle: "PTitle:- C:\WINDOWS\System32\WindowsPowerShell\v1.0\powershell.exe"
    processId: "P_ID:- 14296"
[ Date 05/04/24 14:37:52] INFO: Mongo Db Connected successfully to server
    processTitle: "PTitle:- C:\WINDOWS\System32\WindowsPowerShell\v1.0\powershell.exe"
    processId: "P_ID:- 14296"
[ Date 05/04/24 14:37:52] INFO: Redis Connected Successfully!
    processTitle: "PTitle:- C:\WINDOWS\System32\WindowsPowerShell\v1.0\powershell.exe"
    processId: "P_ID:- 14296"
[ Date 05/04/24 14:39:05] INFO: express server is running on 3000
    processTitle: "PTitle:- C:\WINDOWS\System32\WindowsPowerShell\v1.0\powershell.exe"
    processId: "P_ID:- 13656"
[ Date 05/04/24 14:39:05] INFO: Mongo Db Connected successfully to server
    processTitle: "PTitle:- C:\WINDOWS\System32\WindowsPowerShell\v1.0\powershell.exe"
    processId: "P_ID:- 13656"
[ Date 05/04/24 14:39:05] INFO: Redis Connected Successfully!
    processTitle: "PTitle:- C:\WINDOWS\System32\WindowsPowerShell\v1.0\powershell.exe"
    processId: "P_ID:- 13656"
[ Date 05/04/24 14:39:15] INFO: express server is running on 3000
    processTitle: "PTitle:- C:\WINDOWS\System32\WindowsPowerShell\v1.0\powershell.exe"
    processId: "P_ID:- 10560"
[ Date 05/04/24 14:39:15] INFO: Mongo Db Connected successfully to server
    processTitle: "PTitle:- C:\WINDOWS\System32\WindowsPowerShell\v1.0\powershell.exe"
    processId: "P_ID:- 10560"
[ Date 05/04/24 14:39:15] INFO: Redis Connected Successfully!
    processTitle: "PTitle:- C:\WINDOWS\System32\WindowsPowerShell\v1.0\powershell.exe"
    processId: "P_ID:- 10560"
[ Date 05/04/24 14:39:38] INFO: express server is running on 3000
    processTitle: "PTitle:- C:\WINDOWS\System32\WindowsPowerShell\v1.0\powershell.exe"
    processId: "P_ID:- 10068"
[ Date 05/04/24 14:39:38] INFO: Mongo Db Connected successfully to server
    processTitle: "PTitle:- C:\WINDOWS\System32\WindowsPowerShell\v1.0\powershell.exe"
    processId: "P_ID:- 10068"
[ Date 05/04/24 14:39:38] INFO: Redis Connected Successfully!
    processTitle: "PTitle:- C:\WINDOWS\System32\WindowsPowerShell\v1.0\powershell.exe"
    processId: "P_ID:- 10068"
[ Date 05/04/24 14:41:04] INFO: express server is running on 3000
    processTitle: "PTitle:- C:\WINDOWS\System32\WindowsPowerShell\v1.0\powershell.exe"
    processId: "P_ID:- 3032"
[ Date 05/04/24 14:41:04] INFO: Mongo Db Connected successfully to server
    processTitle: "PTitle:- C:\WINDOWS\System32\WindowsPowerShell\v1.0\powershell.exe"
    processId: "P_ID:- 3032"
[ Date 05/04/24 14:41:04] INFO: Redis Connected Successfully!
    processTitle: "PTitle:- C:\WINDOWS\System32\WindowsPowerShell\v1.0\powershell.exe"
    processId: "P_ID:- 3032"
[ Date 05/04/24 14:41:09] INFO: express server is running on 3000
    processTitle: "PTitle:- C:\WINDOWS\System32\WindowsPowerShell\v1.0\powershell.exe"
    processId: "P_ID:- 13036"
[ Date 05/04/24 14:41:09] INFO: Mongo Db Connected successfully to server
    processTitle: "PTitle:- C:\WINDOWS\System32\WindowsPowerShell\v1.0\powershell.exe"
    processId: "P_ID:- 13036"
[ Date 05/04/24 14:41:09] INFO: Redis Connected Successfully!
    processTitle: "PTitle:- C:\WINDOWS\System32\WindowsPowerShell\v1.0\powershell.exe"
    processId: "P_ID:- 13036"
[ Date 05/04/24 14:42:19] INFO: express server is running on 3000
    processTitle: "PTitle:- C:\WINDOWS\System32\WindowsPowerShell\v1.0\powershell.exe"
    processId: "P_ID:- 10500"
[ Date 05/04/24 14:42:19] INFO: Mongo Db Connected successfully to server
    processTitle: "PTitle:- C:\WINDOWS\System32\WindowsPowerShell\v1.0\powershell.exe"
    processId: "P_ID:- 10500"
[ Date 05/04/24 14:42:19] INFO: Redis Connected Successfully!
    processTitle: "PTitle:- C:\WINDOWS\System32\WindowsPowerShell\v1.0\powershell.exe"
    processId: "P_ID:- 10500"
[ Date 05/04/24 14:42:39] INFO: express server is running on 3000
    processTitle: "PTitle:- C:\WINDOWS\System32\WindowsPowerShell\v1.0\powershell.exe"
    processId: "P_ID:- 15724"
[ Date 05/04/24 14:42:39] INFO: Mongo Db Connected successfully to server
    processTitle: "PTitle:- C:\WINDOWS\System32\WindowsPowerShell\v1.0\powershell.exe"
    processId: "P_ID:- 15724"
[ Date 05/04/24 14:42:39] INFO: Redis Connected Successfully!
    processTitle: "PTitle:- C:\WINDOWS\System32\WindowsPowerShell\v1.0\powershell.exe"
    processId: "P_ID:- 15724"
[ Date 05/04/24 14:42:55] INFO: express server is running on 3000
    processTitle: "PTitle:- C:\WINDOWS\System32\WindowsPowerShell\v1.0\powershell.exe"
    processId: "P_ID:- 11112"
[ Date 05/04/24 14:42:55] INFO: Mongo Db Connected successfully to server
    processTitle: "PTitle:- C:\WINDOWS\System32\WindowsPowerShell\v1.0\powershell.exe"
    processId: "P_ID:- 11112"
[ Date 05/04/24 14:42:55] INFO: Redis Connected Successfully!
    processTitle: "PTitle:- C:\WINDOWS\System32\WindowsPowerShell\v1.0\powershell.exe"
    processId: "P_ID:- 11112"
[ Date 05/04/24 14:43:25] INFO: express server is running on 3000
    processTitle: "PTitle:- C:\WINDOWS\System32\WindowsPowerShell\v1.0\powershell.exe"
    processId: "P_ID:- 912"
[ Date 05/04/24 14:43:25] INFO: Mongo Db Connected successfully to server
    processTitle: "PTitle:- C:\WINDOWS\System32\WindowsPowerShell\v1.0\powershell.exe"
    processId: "P_ID:- 912"
[ Date 05/04/24 14:43:25] INFO: Redis Connected Successfully!
    processTitle: "PTitle:- C:\WINDOWS\System32\WindowsPowerShell\v1.0\powershell.exe"
    processId: "P_ID:- 912"
[ Date 05/04/24 14:44:10] INFO: express server is running on 3000
    processTitle: "PTitle:- C:\WINDOWS\System32\WindowsPowerShell\v1.0\powershell.exe"
    processId: "P_ID:- 10356"
[ Date 05/04/24 14:44:10] INFO: Mongo Db Connected successfully to server
    processTitle: "PTitle:- C:\WINDOWS\System32\WindowsPowerShell\v1.0\powershell.exe"
    processId: "P_ID:- 10356"
[ Date 05/04/24 14:44:10] INFO: Redis Connected Successfully!
    processTitle: "PTitle:- C:\WINDOWS\System32\WindowsPowerShell\v1.0\powershell.exe"
    processId: "P_ID:- 10356"
[ Date 05/04/24 14:44:48] INFO: express server is running on 3000
    processTitle: "PTitle:- C:\WINDOWS\System32\WindowsPowerShell\v1.0\powershell.exe"
    processId: "P_ID:- 16444"
[ Date 05/04/24 14:44:48] INFO: Mongo Db Connected successfully to server
    processTitle: "PTitle:- C:\WINDOWS\System32\WindowsPowerShell\v1.0\powershell.exe"
    processId: "P_ID:- 16444"
[ Date 05/04/24 14:44:48] INFO: Redis Connected Successfully!
    processTitle: "PTitle:- C:\WINDOWS\System32\WindowsPowerShell\v1.0\powershell.exe"
    processId: "P_ID:- 16444"
[ Date 05/04/24 14:45:17] INFO: express server is running on 3000
    processTitle: "PTitle:- C:\WINDOWS\System32\WindowsPowerShell\v1.0\powershell.exe"
    processId: "P_ID:- 20148"
[ Date 05/04/24 14:45:17] INFO: Mongo Db Connected successfully to server
    processTitle: "PTitle:- C:\WINDOWS\System32\WindowsPowerShell\v1.0\powershell.exe"
    processId: "P_ID:- 20148"
[ Date 05/04/24 14:45:17] INFO: Redis Connected Successfully!
    processTitle: "PTitle:- C:\WINDOWS\System32\WindowsPowerShell\v1.0\powershell.exe"
    processId: "P_ID:- 20148"
[ Date 05/04/24 14:46:08] INFO: express server is running on 3000
    processTitle: "PTitle:- C:\WINDOWS\System32\WindowsPowerShell\v1.0\powershell.exe"
    processId: "P_ID:- 20748"
[ Date 05/04/24 14:46:08] INFO: Mongo Db Connected successfully to server
    processTitle: "PTitle:- C:\WINDOWS\System32\WindowsPowerShell\v1.0\powershell.exe"
    processId: "P_ID:- 20748"
[ Date 05/04/24 14:46:08] INFO: Redis Connected Successfully!
    processTitle: "PTitle:- C:\WINDOWS\System32\WindowsPowerShell\v1.0\powershell.exe"
    processId: "P_ID:- 20748"
[ Date 05/04/24 14:46:20] INFO: express server is running on 3000
    processTitle: "PTitle:- C:\WINDOWS\System32\WindowsPowerShell\v1.0\powershell.exe"
    processId: "P_ID:- 6396"
[ Date 05/04/24 14:46:20] INFO: Mongo Db Connected successfully to server
    processTitle: "PTitle:- C:\WINDOWS\System32\WindowsPowerShell\v1.0\powershell.exe"
    processId: "P_ID:- 6396"
[ Date 05/04/24 14:46:20] INFO: Redis Connected Successfully!
    processTitle: "PTitle:- C:\WINDOWS\System32\WindowsPowerShell\v1.0\powershell.exe"
    processId: "P_ID:- 6396"
[ Date 05/04/24 14:46:36] INFO: express server is running on 3000
    processTitle: "PTitle:- C:\WINDOWS\System32\WindowsPowerShell\v1.0\powershell.exe"
    processId: "P_ID:- 1984"
[ Date 05/04/24 14:46:36] INFO: Mongo Db Connected successfully to server
    processTitle: "PTitle:- C:\WINDOWS\System32\WindowsPowerShell\v1.0\powershell.exe"
    processId: "P_ID:- 1984"
[ Date 05/04/24 14:46:36] INFO: Redis Connected Successfully!
    processTitle: "PTitle:- C:\WINDOWS\System32\WindowsPowerShell\v1.0\powershell.exe"
    processId: "P_ID:- 1984"
[ Date 05/04/24 14:46:43] INFO: express server is running on 3000
    processTitle: "PTitle:- C:\WINDOWS\System32\WindowsPowerShell\v1.0\powershell.exe"
    processId: "P_ID:- 1608"
[ Date 05/04/24 14:46:43] INFO: Mongo Db Connected successfully to server
    processTitle: "PTitle:- C:\WINDOWS\System32\WindowsPowerShell\v1.0\powershell.exe"
    processId: "P_ID:- 1608"
[ Date 05/04/24 14:46:43] INFO: Redis Connected Successfully!
    processTitle: "PTitle:- C:\WINDOWS\System32\WindowsPowerShell\v1.0\powershell.exe"
    processId: "P_ID:- 1608"
[ Date 05/04/24 14:46:58] INFO: express server is running on 3000
    processTitle: "PTitle:- C:\WINDOWS\System32\WindowsPowerShell\v1.0\powershell.exe"
    processId: "P_ID:- 2828"
[ Date 05/04/24 14:46:58] INFO: Mongo Db Connected successfully to server
    processTitle: "PTitle:- C:\WINDOWS\System32\WindowsPowerShell\v1.0\powershell.exe"
    processId: "P_ID:- 2828"
[ Date 05/04/24 14:46:58] INFO: Redis Connected Successfully!
    processTitle: "PTitle:- C:\WINDOWS\System32\WindowsPowerShell\v1.0\powershell.exe"
    processId: "P_ID:- 2828"
[ Date 05/04/24 14:47:34] INFO: express server is running on 3000
    processTitle: "PTitle:- C:\WINDOWS\System32\WindowsPowerShell\v1.0\powershell.exe"
    processId: "P_ID:- 20088"
[ Date 05/04/24 14:47:34] INFO: Mongo Db Connected successfully to server
    processTitle: "PTitle:- C:\WINDOWS\System32\WindowsPowerShell\v1.0\powershell.exe"
    processId: "P_ID:- 20088"
[ Date 05/04/24 14:47:34] INFO: Redis Connected Successfully!
    processTitle: "PTitle:- C:\WINDOWS\System32\WindowsPowerShell\v1.0\powershell.exe"
    processId: "P_ID:- 20088"
[ Date 05/04/24 14:47:44] INFO: express server is running on 3000
    processTitle: "PTitle:- C:\WINDOWS\System32\WindowsPowerShell\v1.0\powershell.exe"
    processId: "P_ID:- 14572"
[ Date 05/04/24 14:47:44] INFO: Mongo Db Connected successfully to server
    processTitle: "PTitle:- C:\WINDOWS\System32\WindowsPowerShell\v1.0\powershell.exe"
    processId: "P_ID:- 14572"
[ Date 05/04/24 14:47:44] INFO: Redis Connected Successfully!
    processTitle: "PTitle:- C:\WINDOWS\System32\WindowsPowerShell\v1.0\powershell.exe"
    processId: "P_ID:- 14572"
[ Date 05/04/24 14:47:57] INFO: express server is running on 3000
    processTitle: "PTitle:- C:\WINDOWS\System32\WindowsPowerShell\v1.0\powershell.exe"
    processId: "P_ID:- 12476"
[ Date 05/04/24 14:47:57] INFO: Mongo Db Connected successfully to server
    processTitle: "PTitle:- C:\WINDOWS\System32\WindowsPowerShell\v1.0\powershell.exe"
    processId: "P_ID:- 12476"
[ Date 05/04/24 14:47:57] INFO: Redis Connected Successfully!
    processTitle: "PTitle:- C:\WINDOWS\System32\WindowsPowerShell\v1.0\powershell.exe"
    processId: "P_ID:- 12476"
[ Date 05/04/24 14:48:40] INFO: express server is running on 3000
    processTitle: "PTitle:- C:\WINDOWS\System32\WindowsPowerShell\v1.0\powershell.exe"
    processId: "P_ID:- 15820"
[ Date 05/04/24 14:48:40] INFO: Mongo Db Connected successfully to server
    processTitle: "PTitle:- C:\WINDOWS\System32\WindowsPowerShell\v1.0\powershell.exe"
    processId: "P_ID:- 15820"
[ Date 05/04/24 14:48:40] INFO: Redis Connected Successfully!
    processTitle: "PTitle:- C:\WINDOWS\System32\WindowsPowerShell\v1.0\powershell.exe"
    processId: "P_ID:- 15820"
[ Date 05/04/24 14:49:46] INFO: user logged in successfully
    processTitle: "PTitle:- C:\WINDOWS\System32\WindowsPowerShell\v1.0\powershell.exe"
    processId: "P_ID:- 15820"
[ Date 05/04/24 14:51:47] INFO: express server is running on 3000
    processTitle: "PTitle:- C:\WINDOWS\System32\WindowsPowerShell\v1.0\powershell.exe"
    processId: "P_ID:- 21436"
[ Date 05/04/24 14:51:47] INFO: Mongo Db Connected successfully to server
    processTitle: "PTitle:- C:\WINDOWS\System32\WindowsPowerShell\v1.0\powershell.exe"
    processId: "P_ID:- 21436"
[ Date 05/04/24 14:51:47] INFO: Redis Connected Successfully!
    processTitle: "PTitle:- C:\WINDOWS\System32\WindowsPowerShell\v1.0\powershell.exe"
    processId: "P_ID:- 21436"
[ Date 05/04/24 14:51:58] INFO: express server is running on 3000
    processTitle: "PTitle:- C:\WINDOWS\System32\WindowsPowerShell\v1.0\powershell.exe"
    processId: "P_ID:- 11996"
[ Date 05/04/24 14:51:58] INFO: Mongo Db Connected successfully to server
    processTitle: "PTitle:- C:\WINDOWS\System32\WindowsPowerShell\v1.0\powershell.exe"
    processId: "P_ID:- 11996"
[ Date 05/04/24 14:51:58] INFO: Redis Connected Successfully!
    processTitle: "PTitle:- C:\WINDOWS\System32\WindowsPowerShell\v1.0\powershell.exe"
    processId: "P_ID:- 11996"
[ Date 05/04/24 14:57:48] INFO: express server is running on 3000
    processTitle: "PTitle:- C:\WINDOWS\System32\WindowsPowerShell\v1.0\powershell.exe"
    processId: "P_ID:- 1064"
[ Date 05/04/24 14:57:48] INFO: Mongo Db Connected successfully to server
    processTitle: "PTitle:- C:\WINDOWS\System32\WindowsPowerShell\v1.0\powershell.exe"
    processId: "P_ID:- 1064"
[ Date 05/04/24 14:57:48] INFO: Redis Connected Successfully!
    processTitle: "PTitle:- C:\WINDOWS\System32\WindowsPowerShell\v1.0\powershell.exe"
    processId: "P_ID:- 1064"
[ Date 05/04/24 14:58:10] INFO: express server is running on 3000
    processTitle: "PTitle:- C:\WINDOWS\System32\WindowsPowerShell\v1.0\powershell.exe"
    processId: "P_ID:- 12064"
[ Date 05/04/24 14:58:10] INFO: Mongo Db Connected successfully to server
    processTitle: "PTitle:- C:\WINDOWS\System32\WindowsPowerShell\v1.0\powershell.exe"
    processId: "P_ID:- 12064"
[ Date 05/04/24 14:58:10] INFO: Redis Connected Successfully!
    processTitle: "PTitle:- C:\WINDOWS\System32\WindowsPowerShell\v1.0\powershell.exe"
    processId: "P_ID:- 12064"
[ Date 05/04/24 14:59:45] INFO: express server is running on 3000
    processTitle: "PTitle:- C:\WINDOWS\System32\WindowsPowerShell\v1.0\powershell.exe"
    processId: "P_ID:- 7308"
[ Date 05/04/24 14:59:45] INFO: Mongo Db Connected successfully to server
    processTitle: "PTitle:- C:\WINDOWS\System32\WindowsPowerShell\v1.0\powershell.exe"
    processId: "P_ID:- 7308"
[ Date 05/04/24 14:59:45] INFO: Redis Connected Successfully!
    processTitle: "PTitle:- C:\WINDOWS\System32\WindowsPowerShell\v1.0\powershell.exe"
    processId: "P_ID:- 7308"
[ Date 05/04/24 14:59:51] INFO: express server is running on 3000
    processTitle: "PTitle:- C:\WINDOWS\System32\WindowsPowerShell\v1.0\powershell.exe"
    processId: "P_ID:- 11300"
[ Date 05/04/24 14:59:51] INFO: Redis Connected Successfully!
    processTitle: "PTitle:- C:\WINDOWS\System32\WindowsPowerShell\v1.0\powershell.exe"
    processId: "P_ID:- 11300"
[ Date 05/04/24 14:59:51] INFO: Mongo Db Connected successfully to server
    processTitle: "PTitle:- C:\WINDOWS\System32\WindowsPowerShell\v1.0\powershell.exe"
    processId: "P_ID:- 11300"
[ Date 05/04/24 14:59:56] INFO: user logged in successfully
    processTitle: "PTitle:- C:\WINDOWS\System32\WindowsPowerShell\v1.0\powershell.exe"
    processId: "P_ID:- 11300"
[ Date 05/04/24 15:02:37] INFO: express server is running on 3000
    processTitle: "PTitle:- C:\WINDOWS\System32\WindowsPowerShell\v1.0\powershell.exe"
    processId: "P_ID:- 14524"
[ Date 05/04/24 15:02:37] INFO: Mongo Db Connected successfully to server
    processTitle: "PTitle:- C:\WINDOWS\System32\WindowsPowerShell\v1.0\powershell.exe"
    processId: "P_ID:- 14524"
[ Date 05/04/24 15:02:37] INFO: Redis Connected Successfully!
    processTitle: "PTitle:- C:\WINDOWS\System32\WindowsPowerShell\v1.0\powershell.exe"
    processId: "P_ID:- 14524"
[ Date 05/04/24 15:02:48] INFO: express server is running on 3000
    processTitle: "PTitle:- C:\WINDOWS\System32\WindowsPowerShell\v1.0\powershell.exe"
    processId: "P_ID:- 13304"
[ Date 05/04/24 15:02:48] INFO: Mongo Db Connected successfully to server
    processTitle: "PTitle:- C:\WINDOWS\System32\WindowsPowerShell\v1.0\powershell.exe"
    processId: "P_ID:- 13304"
[ Date 05/04/24 15:02:48] INFO: Redis Connected Successfully!
    processTitle: "PTitle:- C:\WINDOWS\System32\WindowsPowerShell\v1.0\powershell.exe"
    processId: "P_ID:- 13304"
[ Date 05/04/24 15:03:23] INFO: express server is running on 3000
    processTitle: "PTitle:- C:\WINDOWS\System32\WindowsPowerShell\v1.0\powershell.exe"
    processId: "P_ID:- 9292"
[ Date 05/04/24 15:03:23] INFO: Redis Connected Successfully!
    processTitle: "PTitle:- C:\WINDOWS\System32\WindowsPowerShell\v1.0\powershell.exe"
    processId: "P_ID:- 9292"
[ Date 05/04/24 15:03:23] INFO: Mongo Db Connected successfully to server
    processTitle: "PTitle:- C:\WINDOWS\System32\WindowsPowerShell\v1.0\powershell.exe"
    processId: "P_ID:- 9292"
[ Date 05/04/24 15:03:33] INFO: express server is running on 3000
    processTitle: "PTitle:- C:\WINDOWS\System32\WindowsPowerShell\v1.0\powershell.exe"
    processId: "P_ID:- 21852"
[ Date 05/04/24 15:03:33] INFO: Mongo Db Connected successfully to server
    processTitle: "PTitle:- C:\WINDOWS\System32\WindowsPowerShell\v1.0\powershell.exe"
    processId: "P_ID:- 21852"
[ Date 05/04/24 15:03:33] INFO: Redis Connected Successfully!
    processTitle: "PTitle:- C:\WINDOWS\System32\WindowsPowerShell\v1.0\powershell.exe"
    processId: "P_ID:- 21852"
[ Date 05/04/24 15:04:03] INFO: express server is running on 3000
    processTitle: "PTitle:- C:\WINDOWS\System32\WindowsPowerShell\v1.0\powershell.exe"
    processId: "P_ID:- 5484"
[ Date 05/04/24 15:04:03] INFO: Mongo Db Connected successfully to server
    processTitle: "PTitle:- C:\WINDOWS\System32\WindowsPowerShell\v1.0\powershell.exe"
    processId: "P_ID:- 5484"
[ Date 05/04/24 15:04:03] INFO: Redis Connected Successfully!
    processTitle: "PTitle:- C:\WINDOWS\System32\WindowsPowerShell\v1.0\powershell.exe"
    processId: "P_ID:- 5484"
[ Date 05/04/24 15:04:21] INFO: express server is running on 3000
    processTitle: "PTitle:- C:\WINDOWS\System32\WindowsPowerShell\v1.0\powershell.exe"
    processId: "P_ID:- 4548"
[ Date 05/04/24 15:04:21] INFO: Mongo Db Connected successfully to server
    processTitle: "PTitle:- C:\WINDOWS\System32\WindowsPowerShell\v1.0\powershell.exe"
    processId: "P_ID:- 4548"
[ Date 05/04/24 15:04:21] INFO: Redis Connected Successfully!
    processTitle: "PTitle:- C:\WINDOWS\System32\WindowsPowerShell\v1.0\powershell.exe"
    processId: "P_ID:- 4548"
[ Date 05/04/24 15:05:09] INFO: express server is running on 3000
    processTitle: "PTitle:- C:\WINDOWS\System32\WindowsPowerShell\v1.0\powershell.exe"
    processId: "P_ID:- 17252"
[ Date 05/04/24 15:05:09] INFO: Mongo Db Connected successfully to server
    processTitle: "PTitle:- C:\WINDOWS\System32\WindowsPowerShell\v1.0\powershell.exe"
    processId: "P_ID:- 17252"
[ Date 05/04/24 15:05:09] INFO: Redis Connected Successfully!
    processTitle: "PTitle:- C:\WINDOWS\System32\WindowsPowerShell\v1.0\powershell.exe"
    processId: "P_ID:- 17252"
[ Date 05/04/24 15:05:15] INFO: express server is running on 3000
    processTitle: "PTitle:- C:\WINDOWS\System32\WindowsPowerShell\v1.0\powershell.exe"
    processId: "P_ID:- 11492"
[ Date 05/04/24 15:05:15] INFO: Mongo Db Connected successfully to server
    processTitle: "PTitle:- C:\WINDOWS\System32\WindowsPowerShell\v1.0\powershell.exe"
    processId: "P_ID:- 11492"
[ Date 05/04/24 15:05:15] INFO: Redis Connected Successfully!
    processTitle: "PTitle:- C:\WINDOWS\System32\WindowsPowerShell\v1.0\powershell.exe"
    processId: "P_ID:- 11492"
[ Date 05/04/24 15:05:19] INFO: express server is running on 3000
    processTitle: "PTitle:- C:\WINDOWS\System32\WindowsPowerShell\v1.0\powershell.exe"
    processId: "P_ID:- 12072"
[ Date 05/04/24 15:05:19] INFO: Mongo Db Connected successfully to server
    processTitle: "PTitle:- C:\WINDOWS\System32\WindowsPowerShell\v1.0\powershell.exe"
    processId: "P_ID:- 12072"
[ Date 05/04/24 15:05:19] INFO: Redis Connected Successfully!
    processTitle: "PTitle:- C:\WINDOWS\System32\WindowsPowerShell\v1.0\powershell.exe"
    processId: "P_ID:- 12072"
[ Date 05/04/24 15:05:45] INFO: express server is running on 3000
    processTitle: "PTitle:- C:\WINDOWS\System32\WindowsPowerShell\v1.0\powershell.exe"
    processId: "P_ID:- 12052"
[ Date 05/04/24 15:05:45] INFO: Mongo Db Connected successfully to server
    processTitle: "PTitle:- C:\WINDOWS\System32\WindowsPowerShell\v1.0\powershell.exe"
    processId: "P_ID:- 12052"
[ Date 05/04/24 15:05:45] INFO: Redis Connected Successfully!
    processTitle: "PTitle:- C:\WINDOWS\System32\WindowsPowerShell\v1.0\powershell.exe"
    processId: "P_ID:- 12052"
[ Date 05/04/24 15:05:50] INFO: express server is running on 3000
    processTitle: "PTitle:- C:\WINDOWS\System32\WindowsPowerShell\v1.0\powershell.exe"
    processId: "P_ID:- 12112"
[ Date 05/04/24 15:05:50] INFO: Mongo Db Connected successfully to server
    processTitle: "PTitle:- C:\WINDOWS\System32\WindowsPowerShell\v1.0\powershell.exe"
    processId: "P_ID:- 12112"
[ Date 05/04/24 15:05:50] INFO: Redis Connected Successfully!
    processTitle: "PTitle:- C:\WINDOWS\System32\WindowsPowerShell\v1.0\powershell.exe"
    processId: "P_ID:- 12112"
[ Date 05/04/24 15:05:57] INFO: express server is running on 3000
    processTitle: "PTitle:- C:\WINDOWS\System32\WindowsPowerShell\v1.0\powershell.exe"
    processId: "P_ID:- 9748"
[ Date 05/04/24 15:05:57] INFO: Mongo Db Connected successfully to server
    processTitle: "PTitle:- C:\WINDOWS\System32\WindowsPowerShell\v1.0\powershell.exe"
    processId: "P_ID:- 9748"
[ Date 05/04/24 15:05:57] INFO: Redis Connected Successfully!
    processTitle: "PTitle:- C:\WINDOWS\System32\WindowsPowerShell\v1.0\powershell.exe"
    processId: "P_ID:- 9748"
[ Date 05/04/24 15:06:16] INFO: express server is running on 3000
    processTitle: "PTitle:- C:\WINDOWS\System32\WindowsPowerShell\v1.0\powershell.exe"
    processId: "P_ID:- 13976"
[ Date 05/04/24 15:06:16] INFO: Mongo Db Connected successfully to server
    processTitle: "PTitle:- C:\WINDOWS\System32\WindowsPowerShell\v1.0\powershell.exe"
    processId: "P_ID:- 13976"
[ Date 05/04/24 15:06:16] INFO: Redis Connected Successfully!
    processTitle: "PTitle:- C:\WINDOWS\System32\WindowsPowerShell\v1.0\powershell.exe"
    processId: "P_ID:- 13976"
[ Date 05/04/24 15:06:31] INFO: express server is running on 3000
    processTitle: "PTitle:- C:\WINDOWS\System32\WindowsPowerShell\v1.0\powershell.exe"
    processId: "P_ID:- 3848"
[ Date 05/04/24 15:06:31] INFO: Mongo Db Connected successfully to server
    processTitle: "PTitle:- C:\WINDOWS\System32\WindowsPowerShell\v1.0\powershell.exe"
    processId: "P_ID:- 3848"
[ Date 05/04/24 15:06:31] INFO: Redis Connected Successfully!
    processTitle: "PTitle:- C:\WINDOWS\System32\WindowsPowerShell\v1.0\powershell.exe"
    processId: "P_ID:- 3848"
[ Date 05/04/24 15:06:40] INFO: express server is running on 3000
    processTitle: "PTitle:- C:\WINDOWS\System32\WindowsPowerShell\v1.0\powershell.exe"
    processId: "P_ID:- 21872"
[ Date 05/04/24 15:06:40] INFO: Mongo Db Connected successfully to server
    processTitle: "PTitle:- C:\WINDOWS\System32\WindowsPowerShell\v1.0\powershell.exe"
    processId: "P_ID:- 21872"
[ Date 05/04/24 15:06:40] INFO: Redis Connected Successfully!
    processTitle: "PTitle:- C:\WINDOWS\System32\WindowsPowerShell\v1.0\powershell.exe"
    processId: "P_ID:- 21872"
[ Date 05/04/24 15:06:47] INFO: express server is running on 3000
    processTitle: "PTitle:- C:\WINDOWS\System32\WindowsPowerShell\v1.0\powershell.exe"
    processId: "P_ID:- 19452"
[ Date 05/04/24 15:06:47] INFO: Mongo Db Connected successfully to server
    processTitle: "PTitle:- C:\WINDOWS\System32\WindowsPowerShell\v1.0\powershell.exe"
    processId: "P_ID:- 19452"
[ Date 05/04/24 15:06:47] INFO: Redis Connected Successfully!
    processTitle: "PTitle:- C:\WINDOWS\System32\WindowsPowerShell\v1.0\powershell.exe"
    processId: "P_ID:- 19452"
[ Date 05/04/24 15:07:03] INFO: express server is running on 3000
    processTitle: "PTitle:- C:\WINDOWS\System32\WindowsPowerShell\v1.0\powershell.exe"
    processId: "P_ID:- 16196"
[ Date 05/04/24 15:07:03] INFO: Mongo Db Connected successfully to server
    processTitle: "PTitle:- C:\WINDOWS\System32\WindowsPowerShell\v1.0\powershell.exe"
    processId: "P_ID:- 16196"
[ Date 05/04/24 15:07:03] INFO: Redis Connected Successfully!
    processTitle: "PTitle:- C:\WINDOWS\System32\WindowsPowerShell\v1.0\powershell.exe"
    processId: "P_ID:- 16196"
[ Date 05/04/24 15:07:23] INFO: express server is running on 3000
    processTitle: "PTitle:- C:\WINDOWS\System32\WindowsPowerShell\v1.0\powershell.exe"
    processId: "P_ID:- 14552"
[ Date 05/04/24 15:07:23] INFO: Mongo Db Connected successfully to server
    processTitle: "PTitle:- C:\WINDOWS\System32\WindowsPowerShell\v1.0\powershell.exe"
    processId: "P_ID:- 14552"
[ Date 05/04/24 15:07:23] INFO: Redis Connected Successfully!
    processTitle: "PTitle:- C:\WINDOWS\System32\WindowsPowerShell\v1.0\powershell.exe"
    processId: "P_ID:- 14552"
[ Date 05/04/24 15:07:26] INFO: express server is running on 3000
    processTitle: "PTitle:- C:\WINDOWS\System32\WindowsPowerShell\v1.0\powershell.exe"
    processId: "P_ID:- 12304"
[ Date 05/04/24 15:07:26] INFO: Mongo Db Connected successfully to server
    processTitle: "PTitle:- C:\WINDOWS\System32\WindowsPowerShell\v1.0\powershell.exe"
    processId: "P_ID:- 12304"
[ Date 05/04/24 15:07:26] INFO: Redis Connected Successfully!
    processTitle: "PTitle:- C:\WINDOWS\System32\WindowsPowerShell\v1.0\powershell.exe"
    processId: "P_ID:- 12304"
[ Date 05/04/24 15:08:10] INFO: express server is running on 3000
    processTitle: "PTitle:- C:\WINDOWS\System32\WindowsPowerShell\v1.0\powershell.exe"
    processId: "P_ID:- 368"
[ Date 05/04/24 15:08:10] INFO: Mongo Db Connected successfully to server
    processTitle: "PTitle:- C:\WINDOWS\System32\WindowsPowerShell\v1.0\powershell.exe"
    processId: "P_ID:- 368"
[ Date 05/04/24 15:08:10] INFO: Redis Connected Successfully!
    processTitle: "PTitle:- C:\WINDOWS\System32\WindowsPowerShell\v1.0\powershell.exe"
    processId: "P_ID:- 368"
[ Date 05/04/24 15:08:42] INFO: express server is running on 3000
    processTitle: "PTitle:- C:\WINDOWS\System32\WindowsPowerShell\v1.0\powershell.exe"
    processId: "P_ID:- 13796"
[ Date 05/04/24 15:08:42] INFO: Mongo Db Connected successfully to server
    processTitle: "PTitle:- C:\WINDOWS\System32\WindowsPowerShell\v1.0\powershell.exe"
    processId: "P_ID:- 13796"
[ Date 05/04/24 15:08:42] INFO: Redis Connected Successfully!
    processTitle: "PTitle:- C:\WINDOWS\System32\WindowsPowerShell\v1.0\powershell.exe"
    processId: "P_ID:- 13796"
[ Date 05/04/24 15:09:20] INFO: express server is running on 3000
    processTitle: "PTitle:- C:\WINDOWS\System32\WindowsPowerShell\v1.0\powershell.exe"
    processId: "P_ID:- 15384"
[ Date 05/04/24 15:09:20] INFO: Mongo Db Connected successfully to server
    processTitle: "PTitle:- C:\WINDOWS\System32\WindowsPowerShell\v1.0\powershell.exe"
    processId: "P_ID:- 15384"
[ Date 05/04/24 15:09:20] INFO: Redis Connected Successfully!
    processTitle: "PTitle:- C:\WINDOWS\System32\WindowsPowerShell\v1.0\powershell.exe"
    processId: "P_ID:- 15384"
[ Date 05/04/24 15:09:44] INFO: express server is running on 3000
    processTitle: "PTitle:- C:\WINDOWS\System32\WindowsPowerShell\v1.0\powershell.exe"
    processId: "P_ID:- 9780"
[ Date 05/04/24 15:09:44] INFO: Mongo Db Connected successfully to server
    processTitle: "PTitle:- C:\WINDOWS\System32\WindowsPowerShell\v1.0\powershell.exe"
    processId: "P_ID:- 9780"
[ Date 05/04/24 15:09:44] INFO: Redis Connected Successfully!
    processTitle: "PTitle:- C:\WINDOWS\System32\WindowsPowerShell\v1.0\powershell.exe"
    processId: "P_ID:- 9780"
[ Date 05/04/24 15:10:01] INFO: express server is running on 3000
    processTitle: "PTitle:- C:\WINDOWS\System32\WindowsPowerShell\v1.0\powershell.exe"
    processId: "P_ID:- 14744"
[ Date 05/04/24 15:10:01] INFO: Redis Connected Successfully!
    processTitle: "PTitle:- C:\WINDOWS\System32\WindowsPowerShell\v1.0\powershell.exe"
    processId: "P_ID:- 14744"
[ Date 05/04/24 15:10:01] INFO: Mongo Db Connected successfully to server
    processTitle: "PTitle:- C:\WINDOWS\System32\WindowsPowerShell\v1.0\powershell.exe"
    processId: "P_ID:- 14744"
[ Date 05/04/24 15:10:44] INFO: express server is running on 3000
    processTitle: "PTitle:- C:\WINDOWS\System32\WindowsPowerShell\v1.0\powershell.exe"
    processId: "P_ID:- 6028"
[ Date 05/04/24 15:10:44] INFO: Mongo Db Connected successfully to server
    processTitle: "PTitle:- C:\WINDOWS\System32\WindowsPowerShell\v1.0\powershell.exe"
    processId: "P_ID:- 6028"
[ Date 05/04/24 15:10:44] INFO: Redis Connected Successfully!
    processTitle: "PTitle:- C:\WINDOWS\System32\WindowsPowerShell\v1.0\powershell.exe"
    processId: "P_ID:- 6028"
[ Date 05/04/24 15:11:16] INFO: express server is running on 3000
    processTitle: "PTitle:- C:\WINDOWS\System32\WindowsPowerShell\v1.0\powershell.exe"
    processId: "P_ID:- 20420"
[ Date 05/04/24 15:11:16] INFO: Mongo Db Connected successfully to server
    processTitle: "PTitle:- C:\WINDOWS\System32\WindowsPowerShell\v1.0\powershell.exe"
    processId: "P_ID:- 20420"
[ Date 05/04/24 15:11:16] INFO: Redis Connected Successfully!
    processTitle: "PTitle:- C:\WINDOWS\System32\WindowsPowerShell\v1.0\powershell.exe"
    processId: "P_ID:- 20420"
[ Date 05/04/24 15:11:31] INFO: express server is running on 3000
    processTitle: "PTitle:- C:\WINDOWS\System32\WindowsPowerShell\v1.0\powershell.exe"
    processId: "P_ID:- 17104"
[ Date 05/04/24 15:11:31] INFO: Mongo Db Connected successfully to server
    processTitle: "PTitle:- C:\WINDOWS\System32\WindowsPowerShell\v1.0\powershell.exe"
    processId: "P_ID:- 17104"
[ Date 05/04/24 15:11:31] INFO: Redis Connected Successfully!
    processTitle: "PTitle:- C:\WINDOWS\System32\WindowsPowerShell\v1.0\powershell.exe"
    processId: "P_ID:- 17104"
[ Date 05/04/24 15:11:41] INFO: express server is running on 3000
    processTitle: "PTitle:- C:\WINDOWS\System32\WindowsPowerShell\v1.0\powershell.exe"
    processId: "P_ID:- 17960"
[ Date 05/04/24 15:11:41] INFO: Mongo Db Connected successfully to server
    processTitle: "PTitle:- C:\WINDOWS\System32\WindowsPowerShell\v1.0\powershell.exe"
    processId: "P_ID:- 17960"
[ Date 05/04/24 15:11:41] INFO: Redis Connected Successfully!
    processTitle: "PTitle:- C:\WINDOWS\System32\WindowsPowerShell\v1.0\powershell.exe"
    processId: "P_ID:- 17960"
[ Date 05/04/24 15:11:46] INFO: express server is running on 3000
    processTitle: "PTitle:- C:\WINDOWS\System32\WindowsPowerShell\v1.0\powershell.exe"
    processId: "P_ID:- 4464"
[ Date 05/04/24 15:11:46] INFO: Mongo Db Connected successfully to server
    processTitle: "PTitle:- C:\WINDOWS\System32\WindowsPowerShell\v1.0\powershell.exe"
    processId: "P_ID:- 4464"
[ Date 05/04/24 15:11:46] INFO: Redis Connected Successfully!
    processTitle: "PTitle:- C:\WINDOWS\System32\WindowsPowerShell\v1.0\powershell.exe"
    processId: "P_ID:- 4464"
[ Date 05/04/24 15:11:55] INFO: express server is running on 3000
    processTitle: "PTitle:- C:\WINDOWS\System32\WindowsPowerShell\v1.0\powershell.exe"
    processId: "P_ID:- 8248"
[ Date 05/04/24 15:11:55] INFO: Mongo Db Connected successfully to server
    processTitle: "PTitle:- C:\WINDOWS\System32\WindowsPowerShell\v1.0\powershell.exe"
    processId: "P_ID:- 8248"
[ Date 05/04/24 15:11:55] INFO: Redis Connected Successfully!
    processTitle: "PTitle:- C:\WINDOWS\System32\WindowsPowerShell\v1.0\powershell.exe"
    processId: "P_ID:- 8248"
[ Date 05/04/24 15:12:12] INFO: express server is running on 3000
    processTitle: "PTitle:- C:\WINDOWS\System32\WindowsPowerShell\v1.0\powershell.exe"
    processId: "P_ID:- 16584"
[ Date 05/04/24 15:12:12] INFO: Mongo Db Connected successfully to server
    processTitle: "PTitle:- C:\WINDOWS\System32\WindowsPowerShell\v1.0\powershell.exe"
    processId: "P_ID:- 16584"
[ Date 05/04/24 15:12:12] INFO: Redis Connected Successfully!
    processTitle: "PTitle:- C:\WINDOWS\System32\WindowsPowerShell\v1.0\powershell.exe"
    processId: "P_ID:- 16584"
[ Date 05/04/24 15:12:23] INFO: express server is running on 3000
    processTitle: "PTitle:- C:\WINDOWS\System32\WindowsPowerShell\v1.0\powershell.exe"
    processId: "P_ID:- 8180"
[ Date 05/04/24 15:12:23] INFO: Mongo Db Connected successfully to server
    processTitle: "PTitle:- C:\WINDOWS\System32\WindowsPowerShell\v1.0\powershell.exe"
    processId: "P_ID:- 8180"
[ Date 05/04/24 15:12:23] INFO: Redis Connected Successfully!
    processTitle: "PTitle:- C:\WINDOWS\System32\WindowsPowerShell\v1.0\powershell.exe"
    processId: "P_ID:- 8180"
[ Date 05/04/24 15:12:39] INFO: express server is running on 3000
    processTitle: "PTitle:- C:\WINDOWS\System32\WindowsPowerShell\v1.0\powershell.exe"
    processId: "P_ID:- 19976"
[ Date 05/04/24 15:12:39] INFO: Mongo Db Connected successfully to server
    processTitle: "PTitle:- C:\WINDOWS\System32\WindowsPowerShell\v1.0\powershell.exe"
    processId: "P_ID:- 19976"
[ Date 05/04/24 15:12:39] INFO: Redis Connected Successfully!
    processTitle: "PTitle:- C:\WINDOWS\System32\WindowsPowerShell\v1.0\powershell.exe"
    processId: "P_ID:- 19976"
[ Date 05/04/24 15:13:05] INFO: express server is running on 3000
    processTitle: "PTitle:- C:\WINDOWS\System32\WindowsPowerShell\v1.0\powershell.exe"
    processId: "P_ID:- 12208"
[ Date 05/04/24 15:13:05] INFO: Mongo Db Connected successfully to server
    processTitle: "PTitle:- C:\WINDOWS\System32\WindowsPowerShell\v1.0\powershell.exe"
    processId: "P_ID:- 12208"
[ Date 05/04/24 15:13:05] INFO: Redis Connected Successfully!
    processTitle: "PTitle:- C:\WINDOWS\System32\WindowsPowerShell\v1.0\powershell.exe"
    processId: "P_ID:- 12208"
[ Date 05/04/24 15:13:14] INFO: express server is running on 3000
    processTitle: "PTitle:- C:\WINDOWS\System32\WindowsPowerShell\v1.0\powershell.exe"
    processId: "P_ID:- 11924"
[ Date 05/04/24 15:13:14] INFO: Mongo Db Connected successfully to server
    processTitle: "PTitle:- C:\WINDOWS\System32\WindowsPowerShell\v1.0\powershell.exe"
    processId: "P_ID:- 11924"
[ Date 05/04/24 15:13:14] INFO: Redis Connected Successfully!
    processTitle: "PTitle:- C:\WINDOWS\System32\WindowsPowerShell\v1.0\powershell.exe"
    processId: "P_ID:- 11924"
[ Date 05/04/24 15:13:49] INFO: express server is running on 3000
    processTitle: "PTitle:- C:\WINDOWS\System32\WindowsPowerShell\v1.0\powershell.exe"
    processId: "P_ID:- 18700"
[ Date 05/04/24 15:13:50] INFO: Mongo Db Connected successfully to server
    processTitle: "PTitle:- C:\WINDOWS\System32\WindowsPowerShell\v1.0\powershell.exe"
    processId: "P_ID:- 18700"
[ Date 05/04/24 15:13:50] INFO: Redis Connected Successfully!
    processTitle: "PTitle:- C:\WINDOWS\System32\WindowsPowerShell\v1.0\powershell.exe"
    processId: "P_ID:- 18700"
[ Date 05/04/24 15:14:04] INFO: express server is running on 3000
    processTitle: "PTitle:- C:\WINDOWS\System32\WindowsPowerShell\v1.0\powershell.exe"
    processId: "P_ID:- 17420"
[ Date 05/04/24 15:14:04] INFO: Mongo Db Connected successfully to server
    processTitle: "PTitle:- C:\WINDOWS\System32\WindowsPowerShell\v1.0\powershell.exe"
    processId: "P_ID:- 17420"
[ Date 05/04/24 15:14:04] INFO: Redis Connected Successfully!
    processTitle: "PTitle:- C:\WINDOWS\System32\WindowsPowerShell\v1.0\powershell.exe"
    processId: "P_ID:- 17420"
[ Date 05/04/24 15:14:20] INFO: express server is running on 3000
    processTitle: "PTitle:- C:\WINDOWS\System32\WindowsPowerShell\v1.0\powershell.exe"
    processId: "P_ID:- 14416"
[ Date 05/04/24 15:14:20] INFO: Mongo Db Connected successfully to server
    processTitle: "PTitle:- C:\WINDOWS\System32\WindowsPowerShell\v1.0\powershell.exe"
    processId: "P_ID:- 14416"
[ Date 05/04/24 15:14:20] INFO: Redis Connected Successfully!
    processTitle: "PTitle:- C:\WINDOWS\System32\WindowsPowerShell\v1.0\powershell.exe"
    processId: "P_ID:- 14416"
[ Date 05/04/24 15:14:27] INFO: express server is running on 3000
    processTitle: "PTitle:- C:\WINDOWS\System32\WindowsPowerShell\v1.0\powershell.exe"
    processId: "P_ID:- 12680"
[ Date 05/04/24 15:14:27] INFO: Mongo Db Connected successfully to server
    processTitle: "PTitle:- C:\WINDOWS\System32\WindowsPowerShell\v1.0\powershell.exe"
    processId: "P_ID:- 12680"
[ Date 05/04/24 15:14:27] INFO: Redis Connected Successfully!
    processTitle: "PTitle:- C:\WINDOWS\System32\WindowsPowerShell\v1.0\powershell.exe"
    processId: "P_ID:- 12680"
[ Date 05/04/24 15:14:35] INFO: express server is running on 3000
    processTitle: "PTitle:- C:\WINDOWS\System32\WindowsPowerShell\v1.0\powershell.exe"
    processId: "P_ID:- 17796"
[ Date 05/04/24 15:14:35] INFO: Mongo Db Connected successfully to server
    processTitle: "PTitle:- C:\WINDOWS\System32\WindowsPowerShell\v1.0\powershell.exe"
    processId: "P_ID:- 17796"
[ Date 05/04/24 15:14:35] INFO: Redis Connected Successfully!
    processTitle: "PTitle:- C:\WINDOWS\System32\WindowsPowerShell\v1.0\powershell.exe"
    processId: "P_ID:- 17796"
[ Date 05/04/24 15:14:47] INFO: express server is running on 3000
    processTitle: "PTitle:- C:\WINDOWS\System32\WindowsPowerShell\v1.0\powershell.exe"
    processId: "P_ID:- 21340"
[ Date 05/04/24 15:14:47] INFO: Mongo Db Connected successfully to server
    processTitle: "PTitle:- C:\WINDOWS\System32\WindowsPowerShell\v1.0\powershell.exe"
    processId: "P_ID:- 21340"
[ Date 05/04/24 15:14:47] INFO: Redis Connected Successfully!
    processTitle: "PTitle:- C:\WINDOWS\System32\WindowsPowerShell\v1.0\powershell.exe"
    processId: "P_ID:- 21340"
[ Date 05/04/24 15:16:17] INFO: user logged in successfully
    processTitle: "PTitle:- C:\WINDOWS\System32\WindowsPowerShell\v1.0\powershell.exe"
    processId: "P_ID:- 21340"
[ Date 05/04/24 15:19:03] INFO: express server is running on 3000
    processTitle: "PTitle:- C:\WINDOWS\System32\WindowsPowerShell\v1.0\powershell.exe"
    processId: "P_ID:- 21600"
[ Date 05/04/24 15:19:03] INFO: Mongo Db Connected successfully to server
    processTitle: "PTitle:- C:\WINDOWS\System32\WindowsPowerShell\v1.0\powershell.exe"
    processId: "P_ID:- 21600"
[ Date 05/04/24 15:19:03] INFO: Redis Connected Successfully!
    processTitle: "PTitle:- C:\WINDOWS\System32\WindowsPowerShell\v1.0\powershell.exe"
    processId: "P_ID:- 21600"
[ Date 29/04/24 20:10:52] INFO: express server is running on 3000
    processTitle: "PTitle:- C:\Windows\System32\WindowsPowerShell\v1.0\powershell.exe"
    processId: "P_ID:- 11128"
[ Date 29/04/24 20:10:52] ERROR: Error in the Redis Connection
    processTitle: "PTitle:- C:\Windows\System32\WindowsPowerShell\v1.0\powershell.exe"
    processId: "P_ID:- 11128"
[ Date 29/04/24 20:10:52] INFO: Mongo Db Connected successfully to server
    processTitle: "PTitle:- C:\Windows\System32\WindowsPowerShell\v1.0\powershell.exe"
    processId: "P_ID:- 11128"
[ Date 29/04/24 20:10:52] ERROR: Error in the Redis Connection
    processTitle: "PTitle:- C:\Windows\System32\WindowsPowerShell\v1.0\powershell.exe"
    processId: "P_ID:- 11128"
[ Date 29/04/24 20:10:52] ERROR: Error in the Redis Connection
    processTitle: "PTitle:- C:\Windows\System32\WindowsPowerShell\v1.0\powershell.exe"
    processId: "P_ID:- 11128"
[ Date 29/04/24 20:10:52] ERROR: Error in the Redis Connection
    processTitle: "PTitle:- C:\Windows\System32\WindowsPowerShell\v1.0\powershell.exe"
    processId: "P_ID:- 11128"
[ Date 29/04/24 20:10:52] ERROR: Error in the Redis Connection
    processTitle: "PTitle:- C:\Windows\System32\WindowsPowerShell\v1.0\powershell.exe"
    processId: "P_ID:- 11128"
[ Date 29/04/24 20:10:52] ERROR: Error in the Redis Connection
    processTitle: "PTitle:- C:\Windows\System32\WindowsPowerShell\v1.0\powershell.exe"
    processId: "P_ID:- 11128"
[ Date 29/04/24 20:10:52] ERROR: Error in the Redis Connection
    processTitle: "PTitle:- C:\Windows\System32\WindowsPowerShell\v1.0\powershell.exe"
    processId: "P_ID:- 11128"
[ Date 29/04/24 20:10:53] ERROR: Error in the Redis Connection
    processTitle: "PTitle:- C:\Windows\System32\WindowsPowerShell\v1.0\powershell.exe"
    processId: "P_ID:- 11128"
[ Date 29/04/24 20:10:53] ERROR: Error in the Redis Connection
    processTitle: "PTitle:- C:\Windows\System32\WindowsPowerShell\v1.0\powershell.exe"
    processId: "P_ID:- 11128"
[ Date 29/04/24 20:10:53] ERROR: Error in the Redis Connection
    processTitle: "PTitle:- C:\Windows\System32\WindowsPowerShell\v1.0\powershell.exe"
    processId: "P_ID:- 11128"
[ Date 29/04/24 20:10:54] ERROR: Error in the Redis Connection
    processTitle: "PTitle:- C:\Windows\System32\WindowsPowerShell\v1.0\powershell.exe"
    processId: "P_ID:- 11128"
[ Date 29/04/24 20:10:54] ERROR: Error in the Redis Connection
    processTitle: "PTitle:- C:\Windows\System32\WindowsPowerShell\v1.0\powershell.exe"
    processId: "P_ID:- 11128"
[ Date 29/04/24 20:10:55] ERROR: Error in the Redis Connection
    processTitle: "PTitle:- C:\Windows\System32\WindowsPowerShell\v1.0\powershell.exe"
    processId: "P_ID:- 11128"
[ Date 29/04/24 20:10:55] ERROR: Error in the Redis Connection
    processTitle: "PTitle:- C:\Windows\System32\WindowsPowerShell\v1.0\powershell.exe"
    processId: "P_ID:- 11128"
[ Date 29/04/24 20:10:56] ERROR: Error in the Redis Connection
    processTitle: "PTitle:- C:\Windows\System32\WindowsPowerShell\v1.0\powershell.exe"
    processId: "P_ID:- 11128"
[ Date 29/04/24 20:10:56] ERROR: Error in the Redis Connection
    processTitle: "PTitle:- C:\Windows\System32\WindowsPowerShell\v1.0\powershell.exe"
    processId: "P_ID:- 11128"
[ Date 29/04/24 20:10:57] ERROR: Error in the Redis Connection
    processTitle: "PTitle:- C:\Windows\System32\WindowsPowerShell\v1.0\powershell.exe"
    processId: "P_ID:- 11128"
[ Date 29/04/24 20:10:57] ERROR: Error in the Redis Connection
    processTitle: "PTitle:- C:\Windows\System32\WindowsPowerShell\v1.0\powershell.exe"
    processId: "P_ID:- 11128"
[ Date 29/04/24 20:10:58] ERROR: Error in the Redis Connection
    processTitle: "PTitle:- C:\Windows\System32\WindowsPowerShell\v1.0\powershell.exe"
    processId: "P_ID:- 11128"
[ Date 29/04/24 20:10:59] ERROR: Error in the Redis Connection
    processTitle: "PTitle:- C:\Windows\System32\WindowsPowerShell\v1.0\powershell.exe"
    processId: "P_ID:- 11128"
[ Date 29/04/24 20:10:59] ERROR: Error in the Redis Connection
    processTitle: "PTitle:- C:\Windows\System32\WindowsPowerShell\v1.0\powershell.exe"
    processId: "P_ID:- 11128"
[ Date 29/04/24 20:11:00] ERROR: Error in the Redis Connection
    processTitle: "PTitle:- C:\Windows\System32\WindowsPowerShell\v1.0\powershell.exe"
    processId: "P_ID:- 11128"
[ Date 29/04/24 20:11:00] ERROR: Error in the Redis Connection
    processTitle: "PTitle:- C:\Windows\System32\WindowsPowerShell\v1.0\powershell.exe"
    processId: "P_ID:- 11128"
[ Date 29/04/24 20:11:01] ERROR: Error in the Redis Connection
    processTitle: "PTitle:- C:\Windows\System32\WindowsPowerShell\v1.0\powershell.exe"
    processId: "P_ID:- 11128"
[ Date 29/04/24 20:11:01] ERROR: Error in the Redis Connection
    processTitle: "PTitle:- C:\Windows\System32\WindowsPowerShell\v1.0\powershell.exe"
    processId: "P_ID:- 11128"
[ Date 29/04/24 20:11:02] ERROR: Error in the Redis Connection
    processTitle: "PTitle:- C:\Windows\System32\WindowsPowerShell\v1.0\powershell.exe"
    processId: "P_ID:- 11128"
[ Date 29/04/24 20:11:02] ERROR: Error in the Redis Connection
    processTitle: "PTitle:- C:\Windows\System32\WindowsPowerShell\v1.0\powershell.exe"
    processId: "P_ID:- 11128"
[ Date 29/04/24 20:11:03] ERROR: Error in the Redis Connection
    processTitle: "PTitle:- C:\Windows\System32\WindowsPowerShell\v1.0\powershell.exe"
    processId: "P_ID:- 11128"
[ Date 29/04/24 20:11:03] ERROR: Error in the Redis Connection
    processTitle: "PTitle:- C:\Windows\System32\WindowsPowerShell\v1.0\powershell.exe"
    processId: "P_ID:- 11128"
[ Date 29/04/24 20:11:04] ERROR: Error in the Redis Connection
    processTitle: "PTitle:- C:\Windows\System32\WindowsPowerShell\v1.0\powershell.exe"
    processId: "P_ID:- 11128"
[ Date 29/04/24 20:11:04] ERROR: Error in the Redis Connection
    processTitle: "PTitle:- C:\Windows\System32\WindowsPowerShell\v1.0\powershell.exe"
    processId: "P_ID:- 11128"
[ Date 29/04/24 20:11:05] ERROR: Error in the Redis Connection
    processTitle: "PTitle:- C:\Windows\System32\WindowsPowerShell\v1.0\powershell.exe"
    processId: "P_ID:- 11128"
[ Date 29/04/24 20:11:05] ERROR: Error in the Redis Connection
    processTitle: "PTitle:- C:\Windows\System32\WindowsPowerShell\v1.0\powershell.exe"
    processId: "P_ID:- 11128"
[ Date 29/04/24 20:11:06] INFO: Redis Connected Successfully!
    processTitle: "PTitle:- C:\Windows\System32\WindowsPowerShell\v1.0\powershell.exe"
    processId: "P_ID:- 11128"
